[35m[Appium][39m Welcome to Appium v1.22.3
[35m[Appium][39m Non-default server args:
[35m[Appium][39m   port: 60361
[35m[Appium][39m   loglevel: info
[35m[Appium][39m   tmpDir: C:\Users\ACER\AppData\Local\Temp\\Katalon\Appium\Temp1671674303792
[35m[Appium][39m   chromedriverPort: 60362
[35m[Appium][39m Deprecated server args:
[35m[Appium][39m   [31m--chromedriver-port[39m => --default-capabilities
[35m[Appium][39m Default capabilities, which will be added to each request unless overridden by desired capabilities:
[35m[Appium][39m   chromedriverPort: 60362
[35m[Appium][39m Appium REST http interface listener started on 0.0.0.0:60361
[35m[HTTP][39m [37m-->[39m [37mGET[39m [37m/wd/hub/status[39m
[35m[HTTP][39m [90m{}[39m
[35m[HTTP][39m [37m<-- GET /wd/hub/status [39m[32m200[39m [90m19 ms - 68[39m
[35m[HTTP][39m [90m[39m
[35m[HTTP][39m [37m-->[39m [37mGET[39m [37m/wd/hub/status[39m
[35m[HTTP][39m [90m{}[39m
[35m[HTTP][39m [37m<-- GET /wd/hub/status [39m[32m200[39m [90m3 ms - 68[39m
[35m[HTTP][39m [90m[39m
[35m[HTTP][39m [37m-->[39m [37mPOST[39m [37m/wd/hub/session[39m
[35m[HTTP][39m [90m{"desiredCapabilities":{"appActivity":".Settings","appPackage":"com.android.settings","newCommandTimeout":1800,"platformVersion":"12","automationName":"uiautomator2","autoGrantPermissions":true,"platformName":"Android","udid":"085342524Q005721","deviceName":"INFINIX Infinix X670 (Android 12)","platform":"ANDROID","systemPort":8267},"capabilities":{"firstMatch":[{"appium:appActivity":".Settings","appium:appPackage":"com.android.settings","appium:autoGrantPermissions":true,"appium:automationName":"uiautomator2","appium:deviceName":"INFINIX Infinix X670 (Android 12)","appium:newCommandTimeout":1800,"platform":"ANDROID","platformName":"android","appium:platformVersion":"12","appium:systemPort":8267,"appium:udid":"085342524Q005721"}]}}[39m
[35m[BaseDriver][39m The following capabilities are not standard capabilities and should have an extension prefix:
[35m[BaseDriver][39m   platform
[35m[BaseDriver][39m   chromedriverPort
[35m[Appium][39m Appium v1.22.3 creating new AndroidUiautomator2Driver (v1.70.1) session
[35m[BaseDriver][39m The following capabilities were provided, but are not recognized by Appium:
[35m[BaseDriver][39m   platform
[35m[BaseDriver][39m Session created with session id: 0a162ff4-b64b-4249-b35b-8fa779a47850
[35m[UiAutomator2][39m Starting 'com.android.settings' directly on the device
[35m[ADB][39m Found 4 'build-tools' folders under 'C:\Users\ACER\AppData\Local\Android\Sdk' (newest first):
[35m[ADB][39m     C:/Users/ACER/AppData/Local/Android/Sdk/build-tools/32.1.0-rc1
[35m[ADB][39m     C:/Users/ACER/AppData/Local/Android/Sdk/build-tools/32.0.0
[35m[ADB][39m     C:/Users/ACER/AppData/Local/Android/Sdk/build-tools/30.0.3
[35m[ADB][39m     C:/Users/ACER/AppData/Local/Android/Sdk/build-tools/29.0.3
[35m[ADB][39m Using 'adb.exe' from 'C:\Users\ACER\AppData\Local\Android\Sdk\platform-tools\adb.exe'
[35m[AndroidDriver][39m Retrieving device list
[35m[AndroidDriver][39m Using device: 085342524Q005721
[35m[ADB][39m Using 'adb.exe' from 'C:\Users\ACER\AppData\Local\Android\Sdk\platform-tools\adb.exe'
[35m[ADB][39m Getting device platform version
[35m[UiAutomator2][39m Relaxing hidden api policy
[35m[AndroidDriver][39m No app sent in, not parsing package/activity
[35m[ADB][39m Using 'apksigner.jar' from 'C:\Users\ACER\AppData\Local\Android\Sdk\build-tools\32.1.0-rc1\lib\apksigner.jar'
[35m[ADB][39m 'C:\Users\ACER\AppData\Roaming\npm\node_modules\appium\node_modules\appium-uiautomator2-server\apks\appium-uiautomator2-server-v4.27.0.apk' is signed with the default certificate
[35m[ADB][39m 'C:\Users\ACER\AppData\Roaming\npm\node_modules\appium\node_modules\appium-uiautomator2-server\apks\appium-uiautomator2-server-debug-androidTest.apk' is signed with the default certificate
[35m[UiAutomator2][39m Server packages are not going to be (re)installed
[35m[ADB][39m Adding packages ["io.appium.settings","io.appium.uiautomator2.server","io.appium.uiautomator2.server.test"] to Doze whitelist
[35m[UiAutomator2][39m Starting UIAutomator2 server 4.27.0
[35m[UiAutomator2][39m Using UIAutomator2 server from 'C:\Users\ACER\AppData\Roaming\npm\node_modules\appium\node_modules\appium-uiautomator2-server\apks\appium-uiautomator2-server-v4.27.0.apk' and test from 'C:\Users\ACER\AppData\Roaming\npm\node_modules\appium\node_modules\appium-uiautomator2-server\apks\appium-uiautomator2-server-debug-androidTest.apk'
[35m[UiAutomator2][39m Waiting up to 30000ms for UiAutomator2 to be online...
[35m[WD Proxy][39m socket hang up
[35m[WD Proxy][39m socket hang up
[35m[WD Proxy][39m socket hang up
[35m[WD Proxy][39m Determined the downstream protocol as 'W3C'
[35m[AndroidDriver][39m Screen already unlocked, doing nothing
[35m[UiAutomator2][39m Starting 'com.android.settings/.Settings and waiting for 'com.android.settings/.Settings'
[35m[Appium][39m New AndroidUiautomator2Driver session created successfully, session 0a162ff4-b64b-4249-b35b-8fa779a47850 added to master session list
[35m[HTTP][39m [37m<-- POST /wd/hub/session [39m[32m200[39m [90m11694 ms - 1184[39m
[35m[HTTP][39m [90m[39m
[35m[HTTP][39m [37m-->[39m [37mGET[39m [37m/wd/hub/session/0a162ff4-b64b-4249-b35b-8fa779a47850[39m
[35m[HTTP][39m [90m{}[39m
[35m[HTTP][39m [37m<-- GET /wd/hub/session/0a162ff4-b64b-4249-b35b-8fa779a47850 [39m[32m200[39m [90m19 ms - 1138[39m
[35m[HTTP][39m [90m[39m
[35m[HTTP][39m [37m-->[39m [37mGET[39m [37m/wd/hub/session/0a162ff4-b64b-4249-b35b-8fa779a47850[39m
[35m[HTTP][39m [90m{}[39m
[35m[HTTP][39m [37m<-- GET /wd/hub/session/0a162ff4-b64b-4249-b35b-8fa779a47850 [39m[32m200[39m [90m15 ms - 1138[39m
[35m[HTTP][39m [90m[39m
[35m[HTTP][39m [37m-->[39m [37mGET[39m [37m/wd/hub/status[39m
[35m[HTTP][39m [90m{}[39m
[35m[HTTP][39m [37m<-- GET /wd/hub/status [39m[32m200[39m [90m6 ms - 68[39m
[35m[HTTP][39m [90m[39m
[35m[HTTP][39m [37m-->[39m [37mPOST[39m [37m/wd/hub/session/0a162ff4-b64b-4249-b35b-8fa779a47850/timeouts[39m
[35m[HTTP][39m [90m{"implicit":60000}[39m
[35m[HTTP][39m [37m<-- POST /wd/hub/session/0a162ff4-b64b-4249-b35b-8fa779a47850/timeouts [39m[32m200[39m [90m6 ms - 14[39m
[35m[HTTP][39m [90m[39m
[35m[HTTP][39m [37m-->[39m [37mGET[39m [37m/wd/hub/session/0a162ff4-b64b-4249-b35b-8fa779a47850/screenshot[39m
[35m[HTTP][39m [90m{}[39m
[35m[HTTP][39m [37m<-- GET /wd/hub/session/0a162ff4-b64b-4249-b35b-8fa779a47850/screenshot [39m[32m200[39m [90m404 ms - 193514[39m
[35m[HTTP][39m [90m[39m
[35m[HTTP][39m [37m-->[39m [37mGET[39m [37m/wd/hub/session/0a162ff4-b64b-4249-b35b-8fa779a47850/window/rect[39m
[35m[HTTP][39m [90m{}[39m
[35m[HTTP][39m [37m<-- GET /wd/hub/session/0a162ff4-b64b-4249-b35b-8fa779a47850/window/rect [39m[32m200[39m [90m49 ms - 50[39m
[35m[HTTP][39m [90m[39m
[35m[HTTP][39m [37m-->[39m [37mGET[39m [37m/wd/hub/session/0a162ff4-b64b-4249-b35b-8fa779a47850/appium/device/system_bars[39m
[35m[HTTP][39m [90m{}[39m
[35m[HTTP][39m [37m<-- GET /wd/hub/session/0a162ff4-b64b-4249-b35b-8fa779a47850/appium/device/system_bars [39m[32m200[39m [90m120 ms - 145[39m
[35m[HTTP][39m [90m[39m
[35m[HTTP][39m [37m-->[39m [37mPOST[39m [37m/wd/hub/session/0a162ff4-b64b-4249-b35b-8fa779a47850/appium/device/activate_app[39m
[35m[HTTP][39m [90m{"bundleId":"com.example.hospital_management_system"}[39m
[35m[HTTP][39m [37m<-- POST /wd/hub/session/0a162ff4-b64b-4249-b35b-8fa779a47850/appium/device/activate_app [39m[32m200[39m [90m432 ms - 14[39m
[35m[HTTP][39m [90m[39m
[35m[HTTP][39m [37m-->[39m [37mGET[39m [37m/wd/hub/session/0a162ff4-b64b-4249-b35b-8fa779a47850/source[39m
[35m[HTTP][39m [90m{}[39m
[35m[W3C (0a162ff4)][39m Driver proxy active, passing request on via HTTP proxy
[35m[WD Proxy][39m Replacing sessionId f0fe2da6-4c46-4355-a199-92aee4f895d7 with 0a162ff4-b64b-4249-b35b-8fa779a47850
[35m[HTTP][39m [37m<-- GET /wd/hub/session/0a162ff4-b64b-4249-b35b-8fa779a47850/source [39m[32m200[39m [90m577 ms - 3699[39m
[35m[HTTP][39m [90m[39m
[35m[HTTP][39m [37m-->[39m [37mGET[39m [37m/wd/hub/session/0a162ff4-b64b-4249-b35b-8fa779a47850/screenshot[39m
[35m[HTTP][39m [90m{}[39m
[35m[HTTP][39m [37m<-- GET /wd/hub/session/0a162ff4-b64b-4249-b35b-8fa779a47850/screenshot [39m[32m200[39m [90m399 ms - 83148[39m
[35m[HTTP][39m [90m[39m
[35m[HTTP][39m [37m-->[39m [37mGET[39m [37m/wd/hub/session/0a162ff4-b64b-4249-b35b-8fa779a47850/source[39m
[35m[HTTP][39m [90m{}[39m
[35m[W3C (0a162ff4)][39m Driver proxy active, passing request on via HTTP proxy
[35m[WD Proxy][39m Replacing sessionId f0fe2da6-4c46-4355-a199-92aee4f895d7 with 0a162ff4-b64b-4249-b35b-8fa779a47850
[35m[HTTP][39m [37m<-- GET /wd/hub/session/0a162ff4-b64b-4249-b35b-8fa779a47850/source [39m[32m200[39m [90m185 ms - 6389[39m
[35m[HTTP][39m [90m[39m
[35m[HTTP][39m [37m-->[39m [37mGET[39m [37m/wd/hub/session/0a162ff4-b64b-4249-b35b-8fa779a47850/screenshot[39m
[35m[HTTP][39m [90m{}[39m
[35m[HTTP][39m [37m<-- GET /wd/hub/session/0a162ff4-b64b-4249-b35b-8fa779a47850/screenshot [39m[32m200[39m [90m1009 ms - 1025782[39m
[35m[HTTP][39m [90m[39m
[35m[HTTP][39m [37m-->[39m [37mPOST[39m [37m/wd/hub/session/0a162ff4-b64b-4249-b35b-8fa779a47850/elements[39m
[35m[HTTP][39m [90m{"using":"xpath","value":"//*[@class = 'android.widget.EditText' and (@text = 'Nomor Lisensi' or . = 'Nomor Lisensi') and @resource-id = '']"}[39m
[35m[HTTP][39m [37m<-- POST /wd/hub/session/0a162ff4-b64b-4249-b35b-8fa779a47850/elements [39m[32m200[39m [90m542 ms - 139[39m
[35m[HTTP][39m [90m[39m
[35m[HTTP][39m [37m-->[39m [37mGET[39m [37m/wd/hub/session/0a162ff4-b64b-4249-b35b-8fa779a47850/window/rect[39m
[35m[HTTP][39m [90m{}[39m
[35m[HTTP][39m [37m<-- GET /wd/hub/session/0a162ff4-b64b-4249-b35b-8fa779a47850/window/rect [39m[32m200[39m [90m47 ms - 50[39m
[35m[HTTP][39m [90m[39m
[35m[HTTP][39m [37m-->[39m [37mPOST[39m [37m/wd/hub/session/0a162ff4-b64b-4249-b35b-8fa779a47850/elements[39m
[35m[HTTP][39m [90m{"using":"xpath","value":"//*[@class = 'android.widget.EditText' and (@text = 'Nomor Lisensi' or . = 'Nomor Lisensi') and @resource-id = '']"}[39m
[35m[HTTP][39m [37m<-- POST /wd/hub/session/0a162ff4-b64b-4249-b35b-8fa779a47850/elements [39m[32m200[39m [90m106 ms - 139[39m
[35m[HTTP][39m [90m[39m
[35m[HTTP][39m [37m-->[39m [37mGET[39m [37m/wd/hub/session/0a162ff4-b64b-4249-b35b-8fa779a47850/element/00000000-0000-0ea9-0000-000700000003/location[39m
[35m[HTTP][39m [90m{}[39m
[35m[W3C (0a162ff4)][39m Driver proxy active, passing request on via HTTP proxy
[35m[WD Proxy][39m Replacing sessionId f0fe2da6-4c46-4355-a199-92aee4f895d7 with 0a162ff4-b64b-4249-b35b-8fa779a47850
[35m[HTTP][39m [37m<-- GET /wd/hub/session/0a162ff4-b64b-4249-b35b-8fa779a47850/element/00000000-0000-0ea9-0000-000700000003/location [39m[32m200[39m [90m37 ms - 78[39m
[35m[HTTP][39m [90m[39m
[35m[HTTP][39m [37m-->[39m [37mPOST[39m [37m/wd/hub/session/0a162ff4-b64b-4249-b35b-8fa779a47850/element/00000000-0000-0ea9-0000-000700000003/click[39m
[35m[HTTP][39m [90m{"id":"00000000-0000-0ea9-0000-000700000003"}[39m
[35m[HTTP][39m [37m<-- POST /wd/hub/session/0a162ff4-b64b-4249-b35b-8fa779a47850/element/00000000-0000-0ea9-0000-000700000003/click [39m[32m200[39m [90m968 ms - 14[39m
[35m[HTTP][39m [90m[39m
[35m[HTTP][39m [37m-->[39m [37mGET[39m [37m/wd/hub/session/0a162ff4-b64b-4249-b35b-8fa779a47850/source[39m
[35m[HTTP][39m [90m{}[39m
[35m[W3C (0a162ff4)][39m Driver proxy active, passing request on via HTTP proxy
[35m[WD Proxy][39m Replacing sessionId f0fe2da6-4c46-4355-a199-92aee4f895d7 with 0a162ff4-b64b-4249-b35b-8fa779a47850
[35m[HTTP][39m [37m<-- GET /wd/hub/session/0a162ff4-b64b-4249-b35b-8fa779a47850/source [39m[32m200[39m [90m193 ms - 6387[39m
[35m[HTTP][39m [90m[39m
[35m[HTTP][39m [37m-->[39m [37mGET[39m [37m/wd/hub/session/0a162ff4-b64b-4249-b35b-8fa779a47850/screenshot[39m
[35m[HTTP][39m [90m{}[39m
[35m[HTTP][39m [37m<-- GET /wd/hub/session/0a162ff4-b64b-4249-b35b-8fa779a47850/screenshot [39m[32m200[39m [90m1139 ms - 1117618[39m
[35m[HTTP][39m [90m[39m
[35m[HTTP][39m [37m-->[39m [37mPOST[39m [37m/wd/hub/session/0a162ff4-b64b-4249-b35b-8fa779a47850/elements[39m
[35m[HTTP][39m [90m{"using":"xpath","value":"//*[@class = 'android.widget.EditText' and (@text = 'Nomor Lisensi' or . = 'Nomor Lisensi') and @resource-id = '']"}[39m
[35m[HTTP][39m [37m<-- POST /wd/hub/session/0a162ff4-b64b-4249-b35b-8fa779a47850/elements [39m[32m200[39m [90m202 ms - 139[39m
[35m[HTTP][39m [90m[39m
[35m[HTTP][39m [37m-->[39m [37mGET[39m [37m/wd/hub/session/0a162ff4-b64b-4249-b35b-8fa779a47850/window/rect[39m
[35m[HTTP][39m [90m{}[39m
[35m[HTTP][39m [37m<-- GET /wd/hub/session/0a162ff4-b64b-4249-b35b-8fa779a47850/window/rect [39m[32m200[39m [90m17 ms - 50[39m
[35m[HTTP][39m [90m[39m
[35m[HTTP][39m [37m-->[39m [37mPOST[39m [37m/wd/hub/session/0a162ff4-b64b-4249-b35b-8fa779a47850/elements[39m
[35m[HTTP][39m [90m{"using":"xpath","value":"//*[@class = 'android.widget.EditText' and (@text = 'Nomor Lisensi' or . = 'Nomor Lisensi') and @resource-id = '']"}[39m
[35m[HTTP][39m [37m<-- POST /wd/hub/session/0a162ff4-b64b-4249-b35b-8fa779a47850/elements [39m[32m200[39m [90m272 ms - 139[39m
[35m[HTTP][39m [90m[39m
[35m[HTTP][39m [37m-->[39m [37mGET[39m [37m/wd/hub/session/0a162ff4-b64b-4249-b35b-8fa779a47850/element/00000000-0000-0ea9-0000-000700000003/location[39m
[35m[HTTP][39m [90m{}[39m
[35m[W3C (0a162ff4)][39m Driver proxy active, passing request on via HTTP proxy
[35m[WD Proxy][39m Replacing sessionId f0fe2da6-4c46-4355-a199-92aee4f895d7 with 0a162ff4-b64b-4249-b35b-8fa779a47850
[35m[HTTP][39m [37m<-- GET /wd/hub/session/0a162ff4-b64b-4249-b35b-8fa779a47850/element/00000000-0000-0ea9-0000-000700000003/location [39m[32m200[39m [90m48 ms - 78[39m
[35m[HTTP][39m [90m[39m
[35m[HTTP][39m [37m-->[39m [37mPOST[39m [37m/wd/hub/session/0a162ff4-b64b-4249-b35b-8fa779a47850/element/00000000-0000-0ea9-0000-000700000003/value[39m
[35m[HTTP][39m [90m{"id":"00000000-0000-0ea9-0000-000700000003","text":"1029384756","value":["1","0","2","9","3","8","4","7","5","6"]}[39m
[35m[HTTP][39m [37m<-- POST /wd/hub/session/0a162ff4-b64b-4249-b35b-8fa779a47850/element/00000000-0000-0ea9-0000-000700000003/value [39m[32m200[39m [90m77 ms - 14[39m
[35m[HTTP][39m [90m[39m
[35m[HTTP][39m [37m-->[39m [37mGET[39m [37m/wd/hub/session/0a162ff4-b64b-4249-b35b-8fa779a47850/source[39m
[35m[HTTP][39m [90m{}[39m
[35m[W3C (0a162ff4)][39m Driver proxy active, passing request on via HTTP proxy
[35m[WD Proxy][39m Replacing sessionId f0fe2da6-4c46-4355-a199-92aee4f895d7 with 0a162ff4-b64b-4249-b35b-8fa779a47850
[35m[HTTP][39m [37m<-- GET /wd/hub/session/0a162ff4-b64b-4249-b35b-8fa779a47850/source [39m[32m200[39m [90m156 ms - 6399[39m
[35m[HTTP][39m [90m[39m
[35m[HTTP][39m [37m-->[39m [37mGET[39m [37m/wd/hub/session/0a162ff4-b64b-4249-b35b-8fa779a47850/screenshot[39m
[35m[HTTP][39m [90m{}[39m
[35m[HTTP][39m [37m<-- GET /wd/hub/session/0a162ff4-b64b-4249-b35b-8fa779a47850/screenshot [39m[32m200[39m [90m1574 ms - 1119646[39m
[35m[HTTP][39m [90m[39m
[35m[HTTP][39m [37m-->[39m [37mPOST[39m [37m/wd/hub/session/0a162ff4-b64b-4249-b35b-8fa779a47850/elements[39m
[35m[HTTP][39m [90m{"using":"xpath","value":"//*[@class = 'android.widget.EditText' and (@text = 'Sandi' or . = 'Sandi') and @resource-id = '']"}[39m
[35m[HTTP][39m [37m<-- POST /wd/hub/session/0a162ff4-b64b-4249-b35b-8fa779a47850/elements [39m[32m200[39m [90m260 ms - 139[39m
[35m[HTTP][39m [90m[39m
[35m[HTTP][39m [37m-->[39m [37mGET[39m [37m/wd/hub/session/0a162ff4-b64b-4249-b35b-8fa779a47850/window/rect[39m
[35m[HTTP][39m [90m{}[39m
[35m[HTTP][39m [37m<-- GET /wd/hub/session/0a162ff4-b64b-4249-b35b-8fa779a47850/window/rect [39m[32m200[39m [90m27 ms - 50[39m
[35m[HTTP][39m [90m[39m
[35m[HTTP][39m [37m-->[39m [37mPOST[39m [37m/wd/hub/session/0a162ff4-b64b-4249-b35b-8fa779a47850/elements[39m
[35m[HTTP][39m [90m{"using":"xpath","value":"//*[@class = 'android.widget.EditText' and (@text = 'Sandi' or . = 'Sandi') and @resource-id = '']"}[39m
[35m[HTTP][39m [37m<-- POST /wd/hub/session/0a162ff4-b64b-4249-b35b-8fa779a47850/elements [39m[32m200[39m [90m173 ms - 139[39m
[35m[HTTP][39m [90m[39m
[35m[HTTP][39m [37m-->[39m [37mGET[39m [37m/wd/hub/session/0a162ff4-b64b-4249-b35b-8fa779a47850/element/00000000-0000-0ea9-0000-000800000003/location[39m
[35m[HTTP][39m [90m{}[39m
[35m[W3C (0a162ff4)][39m Driver proxy active, passing request on via HTTP proxy
[35m[WD Proxy][39m Replacing sessionId f0fe2da6-4c46-4355-a199-92aee4f895d7 with 0a162ff4-b64b-4249-b35b-8fa779a47850
[35m[HTTP][39m [37m<-- GET /wd/hub/session/0a162ff4-b64b-4249-b35b-8fa779a47850/element/00000000-0000-0ea9-0000-000800000003/location [39m[32m200[39m [90m40 ms - 78[39m
[35m[HTTP][39m [90m[39m
[35m[HTTP][39m [37m-->[39m [37mPOST[39m [37m/wd/hub/session/0a162ff4-b64b-4249-b35b-8fa779a47850/element/00000000-0000-0ea9-0000-000800000003/click[39m
[35m[HTTP][39m [90m{"id":"00000000-0000-0ea9-0000-000800000003"}[39m
[35m[HTTP][39m [37m<-- POST /wd/hub/session/0a162ff4-b64b-4249-b35b-8fa779a47850/element/00000000-0000-0ea9-0000-000800000003/click [39m[32m200[39m [90m68 ms - 14[39m
[35m[HTTP][39m [90m[39m
[35m[HTTP][39m [37m-->[39m [37mGET[39m [37m/wd/hub/session/0a162ff4-b64b-4249-b35b-8fa779a47850/source[39m
[35m[HTTP][39m [90m{}[39m
[35m[W3C (0a162ff4)][39m Driver proxy active, passing request on via HTTP proxy
[35m[WD Proxy][39m Replacing sessionId f0fe2da6-4c46-4355-a199-92aee4f895d7 with 0a162ff4-b64b-4249-b35b-8fa779a47850
[35m[HTTP][39m [37m<-- GET /wd/hub/session/0a162ff4-b64b-4249-b35b-8fa779a47850/source [39m[32m200[39m [90m149 ms - 6399[39m
[35m[HTTP][39m [90m[39m
[35m[HTTP][39m [37m-->[39m [37mGET[39m [37m/wd/hub/session/0a162ff4-b64b-4249-b35b-8fa779a47850/screenshot[39m
[35m[HTTP][39m [90m{}[39m
[35m[HTTP][39m [37m<-- GET /wd/hub/session/0a162ff4-b64b-4249-b35b-8fa779a47850/screenshot [39m[32m200[39m [90m1519 ms - 1112190[39m
[35m[HTTP][39m [90m[39m
[35m[HTTP][39m [37m-->[39m [37mPOST[39m [37m/wd/hub/session/0a162ff4-b64b-4249-b35b-8fa779a47850/elements[39m
[35m[HTTP][39m [90m{"using":"xpath","value":"//*[@class = 'android.widget.EditText' and (@text = 'Sandi' or . = 'Sandi') and @resource-id = '']"}[39m
[35m[HTTP][39m [37m<-- POST /wd/hub/session/0a162ff4-b64b-4249-b35b-8fa779a47850/elements [39m[32m200[39m [90m104 ms - 139[39m
[35m[HTTP][39m [90m[39m
[35m[HTTP][39m [37m-->[39m [37mGET[39m [37m/wd/hub/session/0a162ff4-b64b-4249-b35b-8fa779a47850/window/rect[39m
[35m[HTTP][39m [90m{}[39m
[35m[HTTP][39m [37m<-- GET /wd/hub/session/0a162ff4-b64b-4249-b35b-8fa779a47850/window/rect [39m[32m200[39m [90m15 ms - 50[39m
[35m[HTTP][39m [90m[39m
[35m[HTTP][39m [37m-->[39m [37mPOST[39m [37m/wd/hub/session/0a162ff4-b64b-4249-b35b-8fa779a47850/elements[39m
[35m[HTTP][39m [90m{"using":"xpath","value":"//*[@class = 'android.widget.EditText' and (@text = 'Sandi' or . = 'Sandi') and @resource-id = '']"}[39m
[35m[HTTP][39m [37m<-- POST /wd/hub/session/0a162ff4-b64b-4249-b35b-8fa779a47850/elements [39m[32m200[39m [90m232 ms - 139[39m
[35m[HTTP][39m [90m[39m
[35m[HTTP][39m [37m-->[39m [37mGET[39m [37m/wd/hub/session/0a162ff4-b64b-4249-b35b-8fa779a47850/element/00000000-0000-0ea9-0000-000800000003/location[39m
[35m[HTTP][39m [90m{}[39m
[35m[W3C (0a162ff4)][39m Driver proxy active, passing request on via HTTP proxy
[35m[WD Proxy][39m Replacing sessionId f0fe2da6-4c46-4355-a199-92aee4f895d7 with 0a162ff4-b64b-4249-b35b-8fa779a47850
[35m[HTTP][39m [37m<-- GET /wd/hub/session/0a162ff4-b64b-4249-b35b-8fa779a47850/element/00000000-0000-0ea9-0000-000800000003/location [39m[32m200[39m [90m29 ms - 78[39m
[35m[HTTP][39m [90m[39m
[35m[HTTP][39m [37m-->[39m [37mPOST[39m [37m/wd/hub/session/0a162ff4-b64b-4249-b35b-8fa779a47850/element/00000000-0000-0ea9-0000-000800000003/value[39m
[35m[HTTP][39m [90m{"id":"00000000-0000-0ea9-0000-000800000003","text":"john123","value":["j","o","h","n","1","2","3"]}[39m
[35m[HTTP][39m [37m<-- POST /wd/hub/session/0a162ff4-b64b-4249-b35b-8fa779a47850/element/00000000-0000-0ea9-0000-000800000003/value [39m[32m200[39m [90m51 ms - 14[39m
[35m[HTTP][39m [90m[39m
[35m[HTTP][39m [37m-->[39m [37mGET[39m [37m/wd/hub/session/0a162ff4-b64b-4249-b35b-8fa779a47850/source[39m
[35m[HTTP][39m [90m{}[39m
[35m[W3C (0a162ff4)][39m Driver proxy active, passing request on via HTTP proxy
[35m[WD Proxy][39m Replacing sessionId f0fe2da6-4c46-4355-a199-92aee4f895d7 with 0a162ff4-b64b-4249-b35b-8fa779a47850
[35m[HTTP][39m [37m<-- GET /wd/hub/session/0a162ff4-b64b-4249-b35b-8fa779a47850/source [39m[32m200[39m [90m153 ms - 6422[39m
[35m[HTTP][39m [90m[39m
[35m[HTTP][39m [37m-->[39m [37mGET[39m [37m/wd/hub/session/0a162ff4-b64b-4249-b35b-8fa779a47850/screenshot[39m
[35m[HTTP][39m [90m{}[39m
[35m[HTTP][39m [37m<-- GET /wd/hub/session/0a162ff4-b64b-4249-b35b-8fa779a47850/screenshot [39m[32m200[39m [90m1158 ms - 1109456[39m
[35m[HTTP][39m [90m[39m
[35m[HTTP][39m [37m-->[39m [37mPOST[39m [37m/wd/hub/session/0a162ff4-b64b-4249-b35b-8fa779a47850/elements[39m
[35m[HTTP][39m [90m{"using":"xpath","value":"//*[@class = 'android.widget.Button' and @resource-id = '' and (@text = '' or . = '')]"}[39m
[35m[HTTP][39m [37m<-- POST /wd/hub/session/0a162ff4-b64b-4249-b35b-8fa779a47850/elements [39m[32m200[39m [90m252 ms - 267[39m
[35m[HTTP][39m [90m[39m
[35m[HTTP][39m [37m-->[39m [37mPOST[39m [37m/wd/hub/session/0a162ff4-b64b-4249-b35b-8fa779a47850/elements[39m
[35m[HTTP][39m [90m{"using":"accessibility id","value":"Terima"}[39m
[35m[HTTP][39m [37m<-- POST /wd/hub/session/0a162ff4-b64b-4249-b35b-8fa779a47850/elements [39m[32m200[39m [90m63 ms - 139[39m
[35m[HTTP][39m [90m[39m
[35m[HTTP][39m [37m-->[39m [37mGET[39m [37m/wd/hub/session/0a162ff4-b64b-4249-b35b-8fa779a47850/window/rect[39m
[35m[HTTP][39m [90m{}[39m
[35m[HTTP][39m [37m<-- GET /wd/hub/session/0a162ff4-b64b-4249-b35b-8fa779a47850/window/rect [39m[32m200[39m [90m30 ms - 50[39m
[35m[HTTP][39m [90m[39m
[35m[HTTP][39m [37m-->[39m [37mPOST[39m [37m/wd/hub/session/0a162ff4-b64b-4249-b35b-8fa779a47850/elements[39m
[35m[HTTP][39m [90m{"using":"accessibility id","value":"Terima"}[39m
[35m[HTTP][39m [37m<-- POST /wd/hub/session/0a162ff4-b64b-4249-b35b-8fa779a47850/elements [39m[32m200[39m [90m65 ms - 139[39m
[35m[HTTP][39m [90m[39m
[35m[HTTP][39m [37m-->[39m [37mGET[39m [37m/wd/hub/session/0a162ff4-b64b-4249-b35b-8fa779a47850/element/00000000-0000-0ea9-0000-000b00000003/location[39m
[35m[HTTP][39m [90m{}[39m
[35m[W3C (0a162ff4)][39m Driver proxy active, passing request on via HTTP proxy
[35m[WD Proxy][39m Replacing sessionId f0fe2da6-4c46-4355-a199-92aee4f895d7 with 0a162ff4-b64b-4249-b35b-8fa779a47850
[35m[HTTP][39m [37m<-- GET /wd/hub/session/0a162ff4-b64b-4249-b35b-8fa779a47850/element/00000000-0000-0ea9-0000-000b00000003/location [39m[32m200[39m [90m48 ms - 79[39m
[35m[HTTP][39m [90m[39m
[35m[HTTP][39m [37m-->[39m [37mPOST[39m [37m/wd/hub/session/0a162ff4-b64b-4249-b35b-8fa779a47850/element/00000000-0000-0ea9-0000-000b00000003/click[39m
[35m[HTTP][39m [90m{"id":"00000000-0000-0ea9-0000-000b00000003"}[39m
[35m[HTTP][39m [37m<-- POST /wd/hub/session/0a162ff4-b64b-4249-b35b-8fa779a47850/element/00000000-0000-0ea9-0000-000b00000003/click [39m[32m200[39m [90m1002 ms - 14[39m
[35m[HTTP][39m [90m[39m
[35m[HTTP][39m [37m-->[39m [37mGET[39m [37m/wd/hub/session/0a162ff4-b64b-4249-b35b-8fa779a47850/source[39m
[35m[HTTP][39m [90m{}[39m
[35m[W3C (0a162ff4)][39m Driver proxy active, passing request on via HTTP proxy
[35m[WD Proxy][39m Replacing sessionId f0fe2da6-4c46-4355-a199-92aee4f895d7 with 0a162ff4-b64b-4249-b35b-8fa779a47850
[35m[HTTP][39m [37m<-- GET /wd/hub/session/0a162ff4-b64b-4249-b35b-8fa779a47850/source [39m[32m200[39m [90m699 ms - 10966[39m
[35m[HTTP][39m [90m[39m
[35m[HTTP][39m [37m-->[39m [37mGET[39m [37m/wd/hub/session/0a162ff4-b64b-4249-b35b-8fa779a47850/screenshot[39m
[35m[HTTP][39m [90m{}[39m
[35m[HTTP][39m [37m<-- GET /wd/hub/session/0a162ff4-b64b-4249-b35b-8fa779a47850/screenshot [39m[32m200[39m [90m530 ms - 198650[39m
[35m[HTTP][39m [90m[39m
[35m[HTTP][39m [37m-->[39m [37mPOST[39m [37m/wd/hub/session/0a162ff4-b64b-4249-b35b-8fa779a47850/elements[39m
[35m[HTTP][39m [90m{"using":"xpath","value":"//*[@class = 'android.widget.ImageView' and @resource-id = '' and (@text = '' or . = '')]"}[39m
[35m[HTTP][39m [37m<-- POST /wd/hub/session/0a162ff4-b64b-4249-b35b-8fa779a47850/elements [39m[32m200[39m [90m299 ms - 395[39m
[35m[HTTP][39m [90m[39m
[35m[HTTP][39m [37m-->[39m [37mPOST[39m [37m/wd/hub/session/0a162ff4-b64b-4249-b35b-8fa779a47850/elements[39m
[35m[HTTP][39m [90m{"using":"accessibility id","value":"Jadwal\nTab 2 of 4"}[39m
[35m[HTTP][39m [37m<-- POST /wd/hub/session/0a162ff4-b64b-4249-b35b-8fa779a47850/elements [39m[32m200[39m [90m68 ms - 139[39m
[35m[HTTP][39m [90m[39m
[35m[HTTP][39m [37m-->[39m [37mGET[39m [37m/wd/hub/session/0a162ff4-b64b-4249-b35b-8fa779a47850/window/rect[39m
[35m[HTTP][39m [90m{}[39m
[35m[HTTP][39m [37m<-- GET /wd/hub/session/0a162ff4-b64b-4249-b35b-8fa779a47850/window/rect [39m[32m200[39m [90m28 ms - 50[39m
[35m[HTTP][39m [90m[39m
[35m[HTTP][39m [37m-->[39m [37mPOST[39m [37m/wd/hub/session/0a162ff4-b64b-4249-b35b-8fa779a47850/elements[39m
[35m[HTTP][39m [90m{"using":"accessibility id","value":"Jadwal\nTab 2 of 4"}[39m
[35m[HTTP][39m [37m<-- POST /wd/hub/session/0a162ff4-b64b-4249-b35b-8fa779a47850/elements [39m[32m200[39m [90m77 ms - 139[39m
[35m[HTTP][39m [90m[39m
[35m[HTTP][39m [37m-->[39m [37mGET[39m [37m/wd/hub/session/0a162ff4-b64b-4249-b35b-8fa779a47850/element/00000000-0000-0ea9-0000-001d00000003/location[39m
[35m[HTTP][39m [90m{}[39m
[35m[W3C (0a162ff4)][39m Driver proxy active, passing request on via HTTP proxy
[35m[WD Proxy][39m Replacing sessionId f0fe2da6-4c46-4355-a199-92aee4f895d7 with 0a162ff4-b64b-4249-b35b-8fa779a47850
[35m[HTTP][39m [37m<-- GET /wd/hub/session/0a162ff4-b64b-4249-b35b-8fa779a47850/element/00000000-0000-0ea9-0000-001d00000003/location [39m[32m200[39m [90m42 ms - 79[39m
[35m[HTTP][39m [90m[39m
[35m[HTTP][39m [37m-->[39m [37mPOST[39m [37m/wd/hub/session/0a162ff4-b64b-4249-b35b-8fa779a47850/element/00000000-0000-0ea9-0000-001d00000003/click[39m
[35m[HTTP][39m [90m{"id":"00000000-0000-0ea9-0000-001d00000003"}[39m
[35m[HTTP][39m [37m<-- POST /wd/hub/session/0a162ff4-b64b-4249-b35b-8fa779a47850/element/00000000-0000-0ea9-0000-001d00000003/click [39m[32m200[39m [90m1049 ms - 14[39m
[35m[HTTP][39m [90m[39m
[35m[HTTP][39m [37m-->[39m [37mGET[39m [37m/wd/hub/session/0a162ff4-b64b-4249-b35b-8fa779a47850/source[39m
[35m[HTTP][39m [90m{}[39m
[35m[W3C (0a162ff4)][39m Driver proxy active, passing request on via HTTP proxy
[35m[WD Proxy][39m Replacing sessionId f0fe2da6-4c46-4355-a199-92aee4f895d7 with 0a162ff4-b64b-4249-b35b-8fa779a47850
[35m[HTTP][39m [37m<-- GET /wd/hub/session/0a162ff4-b64b-4249-b35b-8fa779a47850/source [39m[32m200[39m [90m169 ms - 8688[39m
[35m[HTTP][39m [90m[39m
[35m[HTTP][39m [37m-->[39m [37mGET[39m [37m/wd/hub/session/0a162ff4-b64b-4249-b35b-8fa779a47850/screenshot[39m
[35m[HTTP][39m [90m{}[39m
[35m[HTTP][39m [37m<-- GET /wd/hub/session/0a162ff4-b64b-4249-b35b-8fa779a47850/screenshot [39m[32m200[39m [90m645 ms - 111606[39m
[35m[HTTP][39m [90m[39m
[35m[HTTP][39m [37m-->[39m [37mPOST[39m [37m/wd/hub/session/0a162ff4-b64b-4249-b35b-8fa779a47850/elements[39m
[35m[HTTP][39m [90m{"using":"xpath","value":"//*[@class = 'android.view.View' and @resource-id = '' and (@text = '' or . = '')]"}[39m
[35m[HTTP][39m [37m<-- POST /wd/hub/session/0a162ff4-b64b-4249-b35b-8fa779a47850/elements [39m[32m200[39m [90m242 ms - 1547[39m
[35m[HTTP][39m [90m[39m
[35m[HTTP][39m [37m-->[39m [37mPOST[39m [37m/wd/hub/session/0a162ff4-b64b-4249-b35b-8fa779a47850/elements[39m
[35m[HTTP][39m [90m{"using":"accessibility id","value":"Jadwal Kunjungan\nTab 2 of 2"}[39m
[35m[HTTP][39m [37m<-- POST /wd/hub/session/0a162ff4-b64b-4249-b35b-8fa779a47850/elements [39m[32m200[39m [90m47 ms - 139[39m
[35m[HTTP][39m [90m[39m
[35m[HTTP][39m [37m-->[39m [37mGET[39m [37m/wd/hub/session/0a162ff4-b64b-4249-b35b-8fa779a47850/window/rect[39m
[35m[HTTP][39m [90m{}[39m
[35m[HTTP][39m [37m<-- GET /wd/hub/session/0a162ff4-b64b-4249-b35b-8fa779a47850/window/rect [39m[32m200[39m [90m22 ms - 50[39m
[35m[HTTP][39m [90m[39m
[35m[HTTP][39m [37m-->[39m [37mPOST[39m [37m/wd/hub/session/0a162ff4-b64b-4249-b35b-8fa779a47850/elements[39m
[35m[HTTP][39m [90m{"using":"accessibility id","value":"Jadwal Kunjungan\nTab 2 of 2"}[39m
[35m[HTTP][39m [37m<-- POST /wd/hub/session/0a162ff4-b64b-4249-b35b-8fa779a47850/elements [39m[32m200[39m [90m56 ms - 139[39m
[35m[HTTP][39m [90m[39m
[35m[HTTP][39m [37m-->[39m [37mGET[39m [37m/wd/hub/session/0a162ff4-b64b-4249-b35b-8fa779a47850/element/00000000-0000-0ea9-0000-002b00000003/location[39m
[35m[HTTP][39m [90m{}[39m
[35m[W3C (0a162ff4)][39m Driver proxy active, passing request on via HTTP proxy
[35m[WD Proxy][39m Replacing sessionId f0fe2da6-4c46-4355-a199-92aee4f895d7 with 0a162ff4-b64b-4249-b35b-8fa779a47850
[35m[HTTP][39m [37m<-- GET /wd/hub/session/0a162ff4-b64b-4249-b35b-8fa779a47850/element/00000000-0000-0ea9-0000-002b00000003/location [39m[32m200[39m [90m38 ms - 78[39m
[35m[HTTP][39m [90m[39m
[35m[HTTP][39m [37m-->[39m [37mPOST[39m [37m/wd/hub/session/0a162ff4-b64b-4249-b35b-8fa779a47850/element/00000000-0000-0ea9-0000-002b00000003/click[39m
[35m[HTTP][39m [90m{"id":"00000000-0000-0ea9-0000-002b00000003"}[39m
[35m[HTTP][39m [37m<-- POST /wd/hub/session/0a162ff4-b64b-4249-b35b-8fa779a47850/element/00000000-0000-0ea9-0000-002b00000003/click [39m[32m200[39m [90m877 ms - 14[39m
[35m[HTTP][39m [90m[39m
[35m[HTTP][39m [37m-->[39m [37mGET[39m [37m/wd/hub/session/0a162ff4-b64b-4249-b35b-8fa779a47850/source[39m
[35m[HTTP][39m [90m{}[39m
[35m[W3C (0a162ff4)][39m Driver proxy active, passing request on via HTTP proxy
[35m[WD Proxy][39m Replacing sessionId f0fe2da6-4c46-4355-a199-92aee4f895d7 with 0a162ff4-b64b-4249-b35b-8fa779a47850
[35m[HTTP][39m [37m<-- GET /wd/hub/session/0a162ff4-b64b-4249-b35b-8fa779a47850/source [39m[32m200[39m [90m155 ms - 8688[39m
[35m[HTTP][39m [90m[39m
[35m[HTTP][39m [37m-->[39m [37mGET[39m [37m/wd/hub/session/0a162ff4-b64b-4249-b35b-8fa779a47850/screenshot[39m
[35m[HTTP][39m [90m{}[39m
[35m[HTTP][39m [37m<-- GET /wd/hub/session/0a162ff4-b64b-4249-b35b-8fa779a47850/screenshot [39m[32m200[39m [90m1183 ms - 109546[39m
[35m[HTTP][39m [90m[39m
[35m[HTTP][39m [37m-->[39m [37mPOST[39m [37m/wd/hub/session/0a162ff4-b64b-4249-b35b-8fa779a47850/elements[39m
[35m[HTTP][39m [90m{"using":"xpath","value":"//*[@class = 'android.view.View' and @resource-id = '' and (@text = '' or . = '')]"}[39m
[35m[HTTP][39m [37m<-- POST /wd/hub/session/0a162ff4-b64b-4249-b35b-8fa779a47850/elements [39m[32m200[39m [90m231 ms - 1547[39m
[35m[HTTP][39m [90m[39m
[35m[HTTP][39m [37m-->[39m [37mPOST[39m [37m/wd/hub/session/0a162ff4-b64b-4249-b35b-8fa779a47850/elements[39m
[35m[HTTP][39m [90m{"using":"accessibility id","value":"Tidak ada permintaan kunjungan untuk saat ini"}[39m
[35m[HTTP][39m [37m<-- POST /wd/hub/session/0a162ff4-b64b-4249-b35b-8fa779a47850/elements [39m[32m200[39m [90m62 ms - 139[39m
[35m[HTTP][39m [90m[39m
[35m[HTTP][39m [37m-->[39m [37mGET[39m [37m/wd/hub/session/0a162ff4-b64b-4249-b35b-8fa779a47850/window/rect[39m
[35m[HTTP][39m [90m{}[39m
[35m[HTTP][39m [37m<-- GET /wd/hub/session/0a162ff4-b64b-4249-b35b-8fa779a47850/window/rect [39m[32m200[39m [90m26 ms - 50[39m
[35m[HTTP][39m [90m[39m
[35m[HTTP][39m [37m-->[39m [37mPOST[39m [37m/wd/hub/session/0a162ff4-b64b-4249-b35b-8fa779a47850/elements[39m
[35m[HTTP][39m [90m{"using":"accessibility id","value":"Tidak ada permintaan kunjungan untuk saat ini"}[39m
[35m[HTTP][39m [37m<-- POST /wd/hub/session/0a162ff4-b64b-4249-b35b-8fa779a47850/elements [39m[32m200[39m [90m59 ms - 139[39m
[35m[HTTP][39m [90m[39m
[35m[HTTP][39m [37m-->[39m [37mGET[39m [37m/wd/hub/session/0a162ff4-b64b-4249-b35b-8fa779a47850/element/00000000-0000-0ea9-0000-002f00000003/location[39m
[35m[HTTP][39m [90m{}[39m
[35m[W3C (0a162ff4)][39m Driver proxy active, passing request on via HTTP proxy
[35m[WD Proxy][39m Replacing sessionId f0fe2da6-4c46-4355-a199-92aee4f895d7 with 0a162ff4-b64b-4249-b35b-8fa779a47850
[35m[HTTP][39m [37m<-- GET /wd/hub/session/0a162ff4-b64b-4249-b35b-8fa779a47850/element/00000000-0000-0ea9-0000-002f00000003/location [39m[32m200[39m [90m36 ms - 76[39m
[35m[HTTP][39m [90m[39m
[35m[HTTP][39m [37m-->[39m [37mPOST[39m [37m/wd/hub/session/0a162ff4-b64b-4249-b35b-8fa779a47850/element/00000000-0000-0ea9-0000-002f00000003/click[39m
[35m[HTTP][39m [90m{"id":"00000000-0000-0ea9-0000-002f00000003"}[39m
[35m[HTTP][39m [37m<-- POST /wd/hub/session/0a162ff4-b64b-4249-b35b-8fa779a47850/element/00000000-0000-0ea9-0000-002f00000003/click [39m[32m200[39m [90m62 ms - 14[39m
[35m[HTTP][39m [90m[39m
[35m[HTTP][39m [37m-->[39m [37mGET[39m [37m/wd/hub/session/0a162ff4-b64b-4249-b35b-8fa779a47850/source[39m
[35m[HTTP][39m [90m{}[39m
[35m[W3C (0a162ff4)][39m Driver proxy active, passing request on via HTTP proxy
[35m[WD Proxy][39m Replacing sessionId f0fe2da6-4c46-4355-a199-92aee4f895d7 with 0a162ff4-b64b-4249-b35b-8fa779a47850
[35m[HTTP][39m [37m<-- GET /wd/hub/session/0a162ff4-b64b-4249-b35b-8fa779a47850/source [39m[32m200[39m [90m136 ms - 8688[39m
[35m[HTTP][39m [90m[39m
[35m[HTTP][39m [37m-->[39m [37mGET[39m [37m/wd/hub/session/0a162ff4-b64b-4249-b35b-8fa779a47850/screenshot[39m
[35m[HTTP][39m [90m{}[39m
[35m[HTTP][39m [37m<-- GET /wd/hub/session/0a162ff4-b64b-4249-b35b-8fa779a47850/screenshot [39m[32m200[39m [90m501 ms - 109886[39m
[35m[HTTP][39m [90m[39m
[35m[HTTP][39m [37m-->[39m [37mDELETE[39m [37m/wd/hub/session/0a162ff4-b64b-4249-b35b-8fa779a47850[39m
[35m[HTTP][39m [90m{}[39m
[35m[Appium][39m Removing session 0a162ff4-b64b-4249-b35b-8fa779a47850 from our master session list
[35m[UiAutomator2][39m Restoring hidden api policy to the device default configuration
[35m[HTTP][39m [37m<-- DELETE /wd/hub/session/0a162ff4-b64b-4249-b35b-8fa779a47850 [39m[32m200[39m [90m418 ms - 14[39m
[35m[HTTP][39m [90m[39m
